<?xml version="1.0" encoding="UTF-8" ?>
<testsuite failures="0" time="0.021" errors="0" skipped="0" tests="1" name="com.cloudera.sparkwordcount.AppTest">
  <properties>
    <property name="java.runtime.name" value="Java(TM) SE Runtime Environment"/>
    <property name="sun.boot.library.path" value="/usr/java/jdk1.7.0_67-cloudera/jre/lib/amd64"/>
    <property name="java.vm.version" value="24.65-b04"/>
    <property name="java.vm.vendor" value="Oracle Corporation"/>
    <property name="java.vendor.url" value="http://java.oracle.com/"/>
    <property name="path.separator" value=":"/>
    <property name="java.vm.name" value="Java HotSpot(TM) 64-Bit Server VM"/>
    <property name="file.encoding.pkg" value="sun.io"/>
    <property name="user.country" value="US"/>
    <property name="sun.java.launcher" value="SUN_STANDARD"/>
    <property name="sun.os.patch.level" value="unknown"/>
    <property name="java.vm.specification.name" value="Java Virtual Machine Specification"/>
    <property name="user.dir" value="/home/cloudera/Projects/TestJavaSpark"/>
    <property name="java.runtime.version" value="1.7.0_67-b01"/>
    <property name="java.awt.graphicsenv" value="sun.awt.X11GraphicsEnvironment"/>
    <property name="basedir" value="/home/cloudera/Projects/TestJavaSpark"/>
    <property name="java.endorsed.dirs" value="/usr/java/jdk1.7.0_67-cloudera/jre/lib/endorsed"/>
    <property name="os.arch" value="amd64"/>
    <property name="surefire.real.class.path" value="/home/cloudera/Projects/TestJavaSpark/target/surefire/surefirebooter7900328573658897925.jar"/>
    <property name="java.io.tmpdir" value="/tmp"/>
    <property name="line.separator" value="
"/>
    <property name="java.vm.specification.vendor" value="Oracle Corporation"/>
    <property name="os.name" value="Linux"/>
    <property name="sun.jnu.encoding" value="UTF-8"/>
    <property name="java.library.path" value="/usr/java/packages/lib/amd64:/usr/lib64:/lib64:/lib:/usr/lib"/>
    <property name="surefire.test.class.path" value="/home/cloudera/Projects/TestJavaSpark/target/test-classes:/home/cloudera/Projects/TestJavaSpark/target/classes:/home/cloudera/.m2/repository/junit/junit/3.8.1/junit-3.8.1.jar:/home/cloudera/.m2/repository/org/apache/spark/spark-core_2.10/1.0.0-cdh5.1.0/spark-core_2.10-1.0.0-cdh5.1.0.jar:/home/cloudera/.m2/repository/org/apache/hadoop/hadoop-client/2.3.0-cdh5.1.0/hadoop-client-2.3.0-cdh5.1.0.jar:/home/cloudera/.m2/repository/org/apache/hadoop/hadoop-common/2.3.0-cdh5.1.0/hadoop-common-2.3.0-cdh5.1.0.jar:/home/cloudera/.m2/repository/commons-cli/commons-cli/1.2/commons-cli-1.2.jar:/home/cloudera/.m2/repository/org/apache/commons/commons-math3/3.1.1/commons-math3-3.1.1.jar:/home/cloudera/.m2/repository/xmlenc/xmlenc/0.52/xmlenc-0.52.jar:/home/cloudera/.m2/repository/commons-httpclient/commons-httpclient/3.1/commons-httpclient-3.1.jar:/home/cloudera/.m2/repository/commons-collections/commons-collections/3.2.1/commons-collections-3.2.1.jar:/home/cloudera/.m2/repository/commons-lang/commons-lang/2.6/commons-lang-2.6.jar:/home/cloudera/.m2/repository/commons-configuration/commons-configuration/1.6/commons-configuration-1.6.jar:/home/cloudera/.m2/repository/commons-digester/commons-digester/1.8/commons-digester-1.8.jar:/home/cloudera/.m2/repository/commons-beanutils/commons-beanutils/1.7.0/commons-beanutils-1.7.0.jar:/home/cloudera/.m2/repository/commons-beanutils/commons-beanutils-core/1.8.0/commons-beanutils-core-1.8.0.jar:/home/cloudera/.m2/repository/org/codehaus/jackson/jackson-core-asl/1.8.8/jackson-core-asl-1.8.8.jar:/home/cloudera/.m2/repository/org/codehaus/jackson/jackson-mapper-asl/1.8.8/jackson-mapper-asl-1.8.8.jar:/home/cloudera/.m2/repository/org/apache/avro/avro/1.7.5-cdh5.1.0/avro-1.7.5-cdh5.1.0.jar:/home/cloudera/.m2/repository/com/google/protobuf/protobuf-java/2.5.0/protobuf-java-2.5.0.jar:/home/cloudera/.m2/repository/org/apache/hadoop/hadoop-auth/2.3.0-cdh5.1.0/hadoop-auth-2.3.0-cdh5.1.0.jar:/home/cloudera/.m2/repository/org/apache/directory/server/apacheds-kerberos-codec/2.0.0-M15/apacheds-kerberos-codec-2.0.0-M15.jar:/home/cloudera/.m2/repository/org/apache/directory/server/apacheds-i18n/2.0.0-M15/apacheds-i18n-2.0.0-M15.jar:/home/cloudera/.m2/repository/org/apache/directory/api/api-asn1-api/1.0.0-M20/api-asn1-api-1.0.0-M20.jar:/home/cloudera/.m2/repository/org/apache/directory/api/api-util/1.0.0-M20/api-util-1.0.0-M20.jar:/home/cloudera/.m2/repository/org/apache/commons/commons-compress/1.4.1/commons-compress-1.4.1.jar:/home/cloudera/.m2/repository/org/tukaani/xz/1.0/xz-1.0.jar:/home/cloudera/.m2/repository/org/apache/hadoop/hadoop-hdfs/2.3.0-cdh5.1.0/hadoop-hdfs-2.3.0-cdh5.1.0.jar:/home/cloudera/.m2/repository/org/mortbay/jetty/jetty-util/6.1.26/jetty-util-6.1.26.jar:/home/cloudera/.m2/repository/org/apache/hadoop/hadoop-mapreduce-client-app/2.3.0-cdh5.1.0/hadoop-mapreduce-client-app-2.3.0-cdh5.1.0.jar:/home/cloudera/.m2/repository/org/apache/hadoop/hadoop-mapreduce-client-common/2.3.0-cdh5.1.0/hadoop-mapreduce-client-common-2.3.0-cdh5.1.0.jar:/home/cloudera/.m2/repository/org/apache/hadoop/hadoop-yarn-client/2.3.0-cdh5.1.0/hadoop-yarn-client-2.3.0-cdh5.1.0.jar:/home/cloudera/.m2/repository/org/apache/hadoop/hadoop-yarn-server-common/2.3.0-cdh5.1.0/hadoop-yarn-server-common-2.3.0-cdh5.1.0.jar:/home/cloudera/.m2/repository/org/apache/hadoop/hadoop-mapreduce-client-shuffle/2.3.0-cdh5.1.0/hadoop-mapreduce-client-shuffle-2.3.0-cdh5.1.0.jar:/home/cloudera/.m2/repository/org/apache/hadoop/hadoop-yarn-api/2.3.0-cdh5.1.0/hadoop-yarn-api-2.3.0-cdh5.1.0.jar:/home/cloudera/.m2/repository/org/apache/hadoop/hadoop-mapreduce-client-core/2.3.0-cdh5.1.0/hadoop-mapreduce-client-core-2.3.0-cdh5.1.0.jar:/home/cloudera/.m2/repository/org/apache/hadoop/hadoop-yarn-common/2.3.0-cdh5.1.0/hadoop-yarn-common-2.3.0-cdh5.1.0.jar:/home/cloudera/.m2/repository/javax/xml/bind/jaxb-api/2.2.2/jaxb-api-2.2.2.jar:/home/cloudera/.m2/repository/javax/xml/stream/stax-api/1.0-2/stax-api-1.0-2.jar:/home/cloudera/.m2/repository/javax/activation/activation/1.1/activation-1.1.jar:/home/cloudera/.m2/repository/javax/servlet/servlet-api/2.5/servlet-api-2.5.jar:/home/cloudera/.m2/repository/com/sun/jersey/jersey-core/1.9/jersey-core-1.9.jar:/home/cloudera/.m2/repository/org/apache/hadoop/hadoop-mapreduce-client-jobclient/2.3.0-cdh5.1.0/hadoop-mapreduce-client-jobclient-2.3.0-cdh5.1.0.jar:/home/cloudera/.m2/repository/org/apache/hadoop/hadoop-annotations/2.3.0-cdh5.1.0/hadoop-annotations-2.3.0-cdh5.1.0.jar:/home/cloudera/.m2/repository/net/java/dev/jets3t/jets3t/0.9.0/jets3t-0.9.0.jar:/home/cloudera/.m2/repository/com/jamesmurty/utils/java-xmlbuilder/0.4/java-xmlbuilder-0.4.jar:/home/cloudera/.m2/repository/org/apache/curator/curator-recipes/2.4.0/curator-recipes-2.4.0.jar:/home/cloudera/.m2/repository/org/apache/curator/curator-framework/2.4.0/curator-framework-2.4.0.jar:/home/cloudera/.m2/repository/org/apache/curator/curator-client/2.4.0/curator-client-2.4.0.jar:/home/cloudera/.m2/repository/org/apache/zookeeper/zookeeper/3.4.5/zookeeper-3.4.5.jar:/home/cloudera/.m2/repository/jline/jline/0.9.94/jline-0.9.94.jar:/home/cloudera/.m2/repository/org/eclipse/jetty/jetty-plus/8.1.14.v20131031/jetty-plus-8.1.14.v20131031.jar:/home/cloudera/.m2/repository/org/eclipse/jetty/orbit/javax.transaction/1.1.1.v201105210645/javax.transaction-1.1.1.v201105210645.jar:/home/cloudera/.m2/repository/org/eclipse/jetty/jetty-webapp/8.1.14.v20131031/jetty-webapp-8.1.14.v20131031.jar:/home/cloudera/.m2/repository/org/eclipse/jetty/jetty-xml/8.1.14.v20131031/jetty-xml-8.1.14.v20131031.jar:/home/cloudera/.m2/repository/org/eclipse/jetty/jetty-servlet/8.1.14.v20131031/jetty-servlet-8.1.14.v20131031.jar:/home/cloudera/.m2/repository/org/eclipse/jetty/jetty-jndi/8.1.14.v20131031/jetty-jndi-8.1.14.v20131031.jar:/home/cloudera/.m2/repository/org/eclipse/jetty/orbit/javax.mail.glassfish/1.4.1.v201005082020/javax.mail.glassfish-1.4.1.v201005082020.jar:/home/cloudera/.m2/repository/org/eclipse/jetty/orbit/javax.activation/1.1.0.v201105071233/javax.activation-1.1.0.v201105071233.jar:/home/cloudera/.m2/repository/org/eclipse/jetty/jetty-security/8.1.14.v20131031/jetty-security-8.1.14.v20131031.jar:/home/cloudera/.m2/repository/org/eclipse/jetty/jetty-util/8.1.14.v20131031/jetty-util-8.1.14.v20131031.jar:/home/cloudera/.m2/repository/org/eclipse/jetty/jetty-server/8.1.14.v20131031/jetty-server-8.1.14.v20131031.jar:/home/cloudera/.m2/repository/org/eclipse/jetty/orbit/javax.servlet/3.0.0.v201112011016/javax.servlet-3.0.0.v201112011016.jar:/home/cloudera/.m2/repository/org/eclipse/jetty/jetty-continuation/8.1.14.v20131031/jetty-continuation-8.1.14.v20131031.jar:/home/cloudera/.m2/repository/org/eclipse/jetty/jetty-http/8.1.14.v20131031/jetty-http-8.1.14.v20131031.jar:/home/cloudera/.m2/repository/org/eclipse/jetty/jetty-io/8.1.14.v20131031/jetty-io-8.1.14.v20131031.jar:/home/cloudera/.m2/repository/com/google/guava/guava/14.0.1/guava-14.0.1.jar:/home/cloudera/.m2/repository/org/apache/commons/commons-lang3/3.3.2/commons-lang3-3.3.2.jar:/home/cloudera/.m2/repository/com/google/code/findbugs/jsr305/1.3.9/jsr305-1.3.9.jar:/home/cloudera/.m2/repository/org/slf4j/slf4j-api/1.7.5/slf4j-api-1.7.5.jar:/home/cloudera/.m2/repository/org/slf4j/jul-to-slf4j/1.7.5/jul-to-slf4j-1.7.5.jar:/home/cloudera/.m2/repository/org/slf4j/jcl-over-slf4j/1.7.5/jcl-over-slf4j-1.7.5.jar:/home/cloudera/.m2/repository/log4j/log4j/1.2.17/log4j-1.2.17.jar:/home/cloudera/.m2/repository/org/slf4j/slf4j-log4j12/1.7.5/slf4j-log4j12-1.7.5.jar:/home/cloudera/.m2/repository/com/ning/compress-lzf/1.0.0/compress-lzf-1.0.0.jar:/home/cloudera/.m2/repository/org/xerial/snappy/snappy-java/1.0.5/snappy-java-1.0.5.jar:/home/cloudera/.m2/repository/com/twitter/chill_2.10/0.3.6/chill_2.10-0.3.6.jar:/home/cloudera/.m2/repository/com/esotericsoftware/kryo/kryo/2.21/kryo-2.21.jar:/home/cloudera/.m2/repository/com/esotericsoftware/reflectasm/reflectasm/1.07/reflectasm-1.07-shaded.jar:/home/cloudera/.m2/repository/com/esotericsoftware/minlog/minlog/1.2/minlog-1.2.jar:/home/cloudera/.m2/repository/org/objenesis/objenesis/1.2/objenesis-1.2.jar:/home/cloudera/.m2/repository/com/twitter/chill-java/0.3.6/chill-java-0.3.6.jar:/home/cloudera/.m2/repository/commons-net/commons-net/2.2/commons-net-2.2.jar:/home/cloudera/.m2/repository/org/spark-project/akka/akka-remote_2.10/2.2.3-shaded-protobuf/akka-remote_2.10-2.2.3-shaded-protobuf.jar:/home/cloudera/.m2/repository/org/spark-project/akka/akka-actor_2.10/2.2.3-shaded-protobuf/akka-actor_2.10-2.2.3-shaded-protobuf.jar:/home/cloudera/.m2/repository/com/typesafe/config/1.0.2/config-1.0.2.jar:/home/cloudera/.m2/repository/io/netty/netty/3.6.6.Final/netty-3.6.6.Final.jar:/home/cloudera/.m2/repository/org/spark-project/protobuf/protobuf-java/2.4.1-shaded/protobuf-java-2.4.1-shaded.jar:/home/cloudera/.m2/repository/org/uncommons/maths/uncommons-maths/1.2.2a/uncommons-maths-1.2.2a.jar:/home/cloudera/.m2/repository/org/spark-project/akka/akka-slf4j_2.10/2.2.3-shaded-protobuf/akka-slf4j_2.10-2.2.3-shaded-protobuf.jar:/home/cloudera/.m2/repository/org/scala-lang/scala-library/2.10.4/scala-library-2.10.4.jar:/home/cloudera/.m2/repository/org/json4s/json4s-jackson_2.10/3.2.6/json4s-jackson_2.10-3.2.6.jar:/home/cloudera/.m2/repository/org/json4s/json4s-core_2.10/3.2.6/json4s-core_2.10-3.2.6.jar:/home/cloudera/.m2/repository/org/json4s/json4s-ast_2.10/3.2.6/json4s-ast_2.10-3.2.6.jar:/home/cloudera/.m2/repository/com/thoughtworks/paranamer/paranamer/2.6/paranamer-2.6.jar:/home/cloudera/.m2/repository/org/scala-lang/scalap/2.10.0/scalap-2.10.0.jar:/home/cloudera/.m2/repository/org/scala-lang/scala-compiler/2.10.0/scala-compiler-2.10.0.jar:/home/cloudera/.m2/repository/org/scala-lang/scala-reflect/2.10.0/scala-reflect-2.10.0.jar:/home/cloudera/.m2/repository/colt/colt/1.2.0/colt-1.2.0.jar:/home/cloudera/.m2/repository/concurrent/concurrent/1.3.4/concurrent-1.3.4.jar:/home/cloudera/.m2/repository/org/apache/mesos/mesos/0.18.1/mesos-0.18.1-shaded-protobuf.jar:/home/cloudera/.m2/repository/io/netty/netty-all/4.0.17.Final/netty-all-4.0.17.Final.jar:/home/cloudera/.m2/repository/com/clearspring/analytics/stream/2.5.1/stream-2.5.1.jar:/home/cloudera/.m2/repository/com/codahale/metrics/metrics-core/3.0.0/metrics-core-3.0.0.jar:/home/cloudera/.m2/repository/com/codahale/metrics/metrics-jvm/3.0.0/metrics-jvm-3.0.0.jar:/home/cloudera/.m2/repository/com/codahale/metrics/metrics-json/3.0.0/metrics-json-3.0.0.jar:/home/cloudera/.m2/repository/com/codahale/metrics/metrics-graphite/3.0.0/metrics-graphite-3.0.0.jar:/home/cloudera/.m2/repository/org/tachyonproject/tachyon/0.4.1-thrift/tachyon-0.4.1-thrift.jar:/home/cloudera/.m2/repository/org/apache/ant/ant/1.9.0/ant-1.9.0.jar:/home/cloudera/.m2/repository/org/apache/ant/ant-launcher/1.9.0/ant-launcher-1.9.0.jar:/home/cloudera/.m2/repository/commons-io/commons-io/2.4/commons-io-2.4.jar:/home/cloudera/.m2/repository/org/spark-project/pyrolite/2.0.1/pyrolite-2.0.1.jar:/home/cloudera/.m2/repository/net/sf/py4j/py4j/0.8.1/py4j-0.8.1.jar:/home/cloudera/.m2/repository/org/apache/httpcomponents/httpclient/4.5.2/httpclient-4.5.2.jar:/home/cloudera/.m2/repository/org/apache/httpcomponents/httpcore/4.4.4/httpcore-4.4.4.jar:/home/cloudera/.m2/repository/commons-logging/commons-logging/1.2/commons-logging-1.2.jar:/home/cloudera/.m2/repository/commons-codec/commons-codec/1.9/commons-codec-1.9.jar:/home/cloudera/.m2/repository/com/fasterxml/jackson/core/jackson-databind/2.6.6/jackson-databind-2.6.6.jar:/home/cloudera/.m2/repository/com/fasterxml/jackson/core/jackson-annotations/2.6.0/jackson-annotations-2.6.0.jar:/home/cloudera/.m2/repository/com/fasterxml/jackson/core/jackson-core/2.6.6/jackson-core-2.6.6.jar:/home/cloudera/.m2/repository/com/amazonaws/aws-java-sdk/1.11.22/aws-java-sdk-1.11.22.jar:/home/cloudera/.m2/repository/com/amazonaws/aws-java-sdk-support/1.11.22/aws-java-sdk-support-1.11.22.jar:/home/cloudera/.m2/repository/com/amazonaws/aws-java-sdk-simpledb/1.11.22/aws-java-sdk-simpledb-1.11.22.jar:/home/cloudera/.m2/repository/com/amazonaws/aws-java-sdk-servicecatalog/1.11.22/aws-java-sdk-servicecatalog-1.11.22.jar:/home/cloudera/.m2/repository/com/amazonaws/aws-java-sdk-simpleworkflow/1.11.22/aws-java-sdk-simpleworkflow-1.11.22.jar:/home/cloudera/.m2/repository/com/amazonaws/aws-java-sdk-storagegateway/1.11.22/aws-java-sdk-storagegateway-1.11.22.jar:/home/cloudera/.m2/repository/com/amazonaws/aws-java-sdk-route53/1.11.22/aws-java-sdk-route53-1.11.22.jar:/home/cloudera/.m2/repository/com/amazonaws/aws-java-sdk-s3/1.11.22/aws-java-sdk-s3-1.11.22.jar:/home/cloudera/.m2/repository/com/amazonaws/aws-java-sdk-importexport/1.11.22/aws-java-sdk-importexport-1.11.22.jar:/home/cloudera/.m2/repository/com/amazonaws/aws-java-sdk-sts/1.11.22/aws-java-sdk-sts-1.11.22.jar:/home/cloudera/.m2/repository/com/amazonaws/aws-java-sdk-sqs/1.11.22/aws-java-sdk-sqs-1.11.22.jar:/home/cloudera/.m2/repository/com/amazonaws/aws-java-sdk-rds/1.11.22/aws-java-sdk-rds-1.11.22.jar:/home/cloudera/.m2/repository/com/amazonaws/aws-java-sdk-redshift/1.11.22/aws-java-sdk-redshift-1.11.22.jar:/home/cloudera/.m2/repository/com/amazonaws/aws-java-sdk-elasticbeanstalk/1.11.22/aws-java-sdk-elasticbeanstalk-1.11.22.jar:/home/cloudera/.m2/repository/com/amazonaws/aws-java-sdk-glacier/1.11.22/aws-java-sdk-glacier-1.11.22.jar:/home/cloudera/.m2/repository/com/amazonaws/aws-java-sdk-iam/1.11.22/aws-java-sdk-iam-1.11.22.jar:/home/cloudera/.m2/repository/com/amazonaws/aws-java-sdk-datapipeline/1.11.22/aws-java-sdk-datapipeline-1.11.22.jar:/home/cloudera/.m2/repository/com/amazonaws/aws-java-sdk-elasticloadbalancing/1.11.22/aws-java-sdk-elasticloadbalancing-1.11.22.jar:/home/cloudera/.m2/repository/com/amazonaws/aws-java-sdk-emr/1.11.22/aws-java-sdk-emr-1.11.22.jar:/home/cloudera/.m2/repository/com/amazonaws/aws-java-sdk-elasticache/1.11.22/aws-java-sdk-elasticache-1.11.22.jar:/home/cloudera/.m2/repository/com/amazonaws/aws-java-sdk-elastictranscoder/1.11.22/aws-java-sdk-elastictranscoder-1.11.22.jar:/home/cloudera/.m2/repository/com/amazonaws/aws-java-sdk-ec2/1.11.22/aws-java-sdk-ec2-1.11.22.jar:/home/cloudera/.m2/repository/com/amazonaws/aws-java-sdk-dynamodb/1.11.22/aws-java-sdk-dynamodb-1.11.22.jar:/home/cloudera/.m2/repository/com/amazonaws/aws-java-sdk-sns/1.11.22/aws-java-sdk-sns-1.11.22.jar:/home/cloudera/.m2/repository/com/amazonaws/aws-java-sdk-cloudtrail/1.11.22/aws-java-sdk-cloudtrail-1.11.22.jar:/home/cloudera/.m2/repository/com/amazonaws/aws-java-sdk-cloudwatch/1.11.22/aws-java-sdk-cloudwatch-1.11.22.jar:/home/cloudera/.m2/repository/com/amazonaws/aws-java-sdk-logs/1.11.22/aws-java-sdk-logs-1.11.22.jar:/home/cloudera/.m2/repository/com/amazonaws/aws-java-sdk-events/1.11.22/aws-java-sdk-events-1.11.22.jar:/home/cloudera/.m2/repository/com/amazonaws/aws-java-sdk-cognitoidentity/1.11.22/aws-java-sdk-cognitoidentity-1.11.22.jar:/home/cloudera/.m2/repository/com/amazonaws/aws-java-sdk-cognitosync/1.11.22/aws-java-sdk-cognitosync-1.11.22.jar:/home/cloudera/.m2/repository/com/amazonaws/aws-java-sdk-directconnect/1.11.22/aws-java-sdk-directconnect-1.11.22.jar:/home/cloudera/.m2/repository/com/amazonaws/aws-java-sdk-cloudformation/1.11.22/aws-java-sdk-cloudformation-1.11.22.jar:/home/cloudera/.m2/repository/com/amazonaws/aws-java-sdk-cloudfront/1.11.22/aws-java-sdk-cloudfront-1.11.22.jar:/home/cloudera/.m2/repository/com/amazonaws/aws-java-sdk-kinesis/1.11.22/aws-java-sdk-kinesis-1.11.22.jar:/home/cloudera/.m2/repository/com/amazonaws/aws-java-sdk-opsworks/1.11.22/aws-java-sdk-opsworks-1.11.22.jar:/home/cloudera/.m2/repository/com/amazonaws/aws-java-sdk-ses/1.11.22/aws-java-sdk-ses-1.11.22.jar:/home/cloudera/.m2/repository/com/amazonaws/aws-java-sdk-autoscaling/1.11.22/aws-java-sdk-autoscaling-1.11.22.jar:/home/cloudera/.m2/repository/com/amazonaws/aws-java-sdk-cloudsearch/1.11.22/aws-java-sdk-cloudsearch-1.11.22.jar:/home/cloudera/.m2/repository/com/amazonaws/aws-java-sdk-cloudwatchmetrics/1.11.22/aws-java-sdk-cloudwatchmetrics-1.11.22.jar:/home/cloudera/.m2/repository/com/amazonaws/aws-java-sdk-swf-libraries/1.11.22/aws-java-sdk-swf-libraries-1.11.22.jar:/home/cloudera/.m2/repository/com/amazonaws/aws-java-sdk-codedeploy/1.11.22/aws-java-sdk-codedeploy-1.11.22.jar:/home/cloudera/.m2/repository/com/amazonaws/aws-java-sdk-codepipeline/1.11.22/aws-java-sdk-codepipeline-1.11.22.jar:/home/cloudera/.m2/repository/com/amazonaws/aws-java-sdk-kms/1.11.22/aws-java-sdk-kms-1.11.22.jar:/home/cloudera/.m2/repository/com/amazonaws/aws-java-sdk-config/1.11.22/aws-java-sdk-config-1.11.22.jar:/home/cloudera/.m2/repository/com/amazonaws/aws-java-sdk-lambda/1.11.22/aws-java-sdk-lambda-1.11.22.jar:/home/cloudera/.m2/repository/com/amazonaws/aws-java-sdk-ecs/1.11.22/aws-java-sdk-ecs-1.11.22.jar:/home/cloudera/.m2/repository/com/amazonaws/aws-java-sdk-ecr/1.11.22/aws-java-sdk-ecr-1.11.22.jar:/home/cloudera/.m2/repository/com/amazonaws/aws-java-sdk-cloudhsm/1.11.22/aws-java-sdk-cloudhsm-1.11.22.jar:/home/cloudera/.m2/repository/com/amazonaws/aws-java-sdk-ssm/1.11.22/aws-java-sdk-ssm-1.11.22.jar:/home/cloudera/.m2/repository/com/amazonaws/aws-java-sdk-workspaces/1.11.22/aws-java-sdk-workspaces-1.11.22.jar:/home/cloudera/.m2/repository/com/amazonaws/aws-java-sdk-machinelearning/1.11.22/aws-java-sdk-machinelearning-1.11.22.jar:/home/cloudera/.m2/repository/com/amazonaws/aws-java-sdk-directory/1.11.22/aws-java-sdk-directory-1.11.22.jar:/home/cloudera/.m2/repository/com/amazonaws/aws-java-sdk-efs/1.11.22/aws-java-sdk-efs-1.11.22.jar:/home/cloudera/.m2/repository/com/amazonaws/aws-java-sdk-codecommit/1.11.22/aws-java-sdk-codecommit-1.11.22.jar:/home/cloudera/.m2/repository/com/amazonaws/aws-java-sdk-devicefarm/1.11.22/aws-java-sdk-devicefarm-1.11.22.jar:/home/cloudera/.m2/repository/com/amazonaws/aws-java-sdk-elasticsearch/1.11.22/aws-java-sdk-elasticsearch-1.11.22.jar:/home/cloudera/.m2/repository/com/amazonaws/aws-java-sdk-waf/1.11.22/aws-java-sdk-waf-1.11.22.jar:/home/cloudera/.m2/repository/com/amazonaws/aws-java-sdk-marketplacecommerceanalytics/1.11.22/aws-java-sdk-marketplacecommerceanalytics-1.11.22.jar:/home/cloudera/.m2/repository/com/amazonaws/aws-java-sdk-inspector/1.11.22/aws-java-sdk-inspector-1.11.22.jar:/home/cloudera/.m2/repository/com/amazonaws/aws-java-sdk-iot/1.11.22/aws-java-sdk-iot-1.11.22.jar:/home/cloudera/.m2/repository/com/amazonaws/aws-java-sdk-api-gateway/1.11.22/aws-java-sdk-api-gateway-1.11.22.jar:/home/cloudera/.m2/repository/com/amazonaws/aws-java-sdk-acm/1.11.22/aws-java-sdk-acm-1.11.22.jar:/home/cloudera/.m2/repository/com/amazonaws/aws-java-sdk-gamelift/1.11.22/aws-java-sdk-gamelift-1.11.22.jar:/home/cloudera/.m2/repository/com/amazonaws/aws-java-sdk-dms/1.11.22/aws-java-sdk-dms-1.11.22.jar:/home/cloudera/.m2/repository/com/amazonaws/aws-java-sdk-marketplacemeteringservice/1.11.22/aws-java-sdk-marketplacemeteringservice-1.11.22.jar:/home/cloudera/.m2/repository/com/amazonaws/aws-java-sdk-cognitoidp/1.11.22/aws-java-sdk-cognitoidp-1.11.22.jar:/home/cloudera/.m2/repository/com/amazonaws/aws-java-sdk-discovery/1.11.22/aws-java-sdk-discovery-1.11.22.jar:/home/cloudera/.m2/repository/com/amazonaws/aws-java-sdk-applicationautoscaling/1.11.22/aws-java-sdk-applicationautoscaling-1.11.22.jar:/home/cloudera/.m2/repository/com/amazonaws/aws-java-sdk-core/1.11.22/aws-java-sdk-core-1.11.22.jar:/home/cloudera/.m2/repository/com/fasterxml/jackson/dataformat/jackson-dataformat-cbor/2.6.6/jackson-dataformat-cbor-2.6.6.jar:/home/cloudera/.m2/repository/joda-time/joda-time/2.8.1/joda-time-2.8.1.jar:"/>
    <property name="java.specification.name" value="Java Platform API Specification"/>
    <property name="java.class.version" value="51.0"/>
    <property name="sun.management.compiler" value="HotSpot 64-Bit Tiered Compilers"/>
    <property name="os.version" value="2.6.32-573.el6.x86_64"/>
    <property name="user.home" value="/home/cloudera"/>
    <property name="user.timezone" value=""/>
    <property name="java.awt.printerjob" value="sun.print.PSPrinterJob"/>
    <property name="file.encoding" value="UTF-8"/>
    <property name="java.specification.version" value="1.7"/>
    <property name="user.name" value="cloudera"/>
    <property name="java.class.path" value="/home/cloudera/Projects/TestJavaSpark/target/test-classes:/home/cloudera/Projects/TestJavaSpark/target/classes:/home/cloudera/.m2/repository/junit/junit/3.8.1/junit-3.8.1.jar:/home/cloudera/.m2/repository/org/apache/spark/spark-core_2.10/1.0.0-cdh5.1.0/spark-core_2.10-1.0.0-cdh5.1.0.jar:/home/cloudera/.m2/repository/org/apache/hadoop/hadoop-client/2.3.0-cdh5.1.0/hadoop-client-2.3.0-cdh5.1.0.jar:/home/cloudera/.m2/repository/org/apache/hadoop/hadoop-common/2.3.0-cdh5.1.0/hadoop-common-2.3.0-cdh5.1.0.jar:/home/cloudera/.m2/repository/commons-cli/commons-cli/1.2/commons-cli-1.2.jar:/home/cloudera/.m2/repository/org/apache/commons/commons-math3/3.1.1/commons-math3-3.1.1.jar:/home/cloudera/.m2/repository/xmlenc/xmlenc/0.52/xmlenc-0.52.jar:/home/cloudera/.m2/repository/commons-httpclient/commons-httpclient/3.1/commons-httpclient-3.1.jar:/home/cloudera/.m2/repository/commons-collections/commons-collections/3.2.1/commons-collections-3.2.1.jar:/home/cloudera/.m2/repository/commons-lang/commons-lang/2.6/commons-lang-2.6.jar:/home/cloudera/.m2/repository/commons-configuration/commons-configuration/1.6/commons-configuration-1.6.jar:/home/cloudera/.m2/repository/commons-digester/commons-digester/1.8/commons-digester-1.8.jar:/home/cloudera/.m2/repository/commons-beanutils/commons-beanutils/1.7.0/commons-beanutils-1.7.0.jar:/home/cloudera/.m2/repository/commons-beanutils/commons-beanutils-core/1.8.0/commons-beanutils-core-1.8.0.jar:/home/cloudera/.m2/repository/org/codehaus/jackson/jackson-core-asl/1.8.8/jackson-core-asl-1.8.8.jar:/home/cloudera/.m2/repository/org/codehaus/jackson/jackson-mapper-asl/1.8.8/jackson-mapper-asl-1.8.8.jar:/home/cloudera/.m2/repository/org/apache/avro/avro/1.7.5-cdh5.1.0/avro-1.7.5-cdh5.1.0.jar:/home/cloudera/.m2/repository/com/google/protobuf/protobuf-java/2.5.0/protobuf-java-2.5.0.jar:/home/cloudera/.m2/repository/org/apache/hadoop/hadoop-auth/2.3.0-cdh5.1.0/hadoop-auth-2.3.0-cdh5.1.0.jar:/home/cloudera/.m2/repository/org/apache/directory/server/apacheds-kerberos-codec/2.0.0-M15/apacheds-kerberos-codec-2.0.0-M15.jar:/home/cloudera/.m2/repository/org/apache/directory/server/apacheds-i18n/2.0.0-M15/apacheds-i18n-2.0.0-M15.jar:/home/cloudera/.m2/repository/org/apache/directory/api/api-asn1-api/1.0.0-M20/api-asn1-api-1.0.0-M20.jar:/home/cloudera/.m2/repository/org/apache/directory/api/api-util/1.0.0-M20/api-util-1.0.0-M20.jar:/home/cloudera/.m2/repository/org/apache/commons/commons-compress/1.4.1/commons-compress-1.4.1.jar:/home/cloudera/.m2/repository/org/tukaani/xz/1.0/xz-1.0.jar:/home/cloudera/.m2/repository/org/apache/hadoop/hadoop-hdfs/2.3.0-cdh5.1.0/hadoop-hdfs-2.3.0-cdh5.1.0.jar:/home/cloudera/.m2/repository/org/mortbay/jetty/jetty-util/6.1.26/jetty-util-6.1.26.jar:/home/cloudera/.m2/repository/org/apache/hadoop/hadoop-mapreduce-client-app/2.3.0-cdh5.1.0/hadoop-mapreduce-client-app-2.3.0-cdh5.1.0.jar:/home/cloudera/.m2/repository/org/apache/hadoop/hadoop-mapreduce-client-common/2.3.0-cdh5.1.0/hadoop-mapreduce-client-common-2.3.0-cdh5.1.0.jar:/home/cloudera/.m2/repository/org/apache/hadoop/hadoop-yarn-client/2.3.0-cdh5.1.0/hadoop-yarn-client-2.3.0-cdh5.1.0.jar:/home/cloudera/.m2/repository/org/apache/hadoop/hadoop-yarn-server-common/2.3.0-cdh5.1.0/hadoop-yarn-server-common-2.3.0-cdh5.1.0.jar:/home/cloudera/.m2/repository/org/apache/hadoop/hadoop-mapreduce-client-shuffle/2.3.0-cdh5.1.0/hadoop-mapreduce-client-shuffle-2.3.0-cdh5.1.0.jar:/home/cloudera/.m2/repository/org/apache/hadoop/hadoop-yarn-api/2.3.0-cdh5.1.0/hadoop-yarn-api-2.3.0-cdh5.1.0.jar:/home/cloudera/.m2/repository/org/apache/hadoop/hadoop-mapreduce-client-core/2.3.0-cdh5.1.0/hadoop-mapreduce-client-core-2.3.0-cdh5.1.0.jar:/home/cloudera/.m2/repository/org/apache/hadoop/hadoop-yarn-common/2.3.0-cdh5.1.0/hadoop-yarn-common-2.3.0-cdh5.1.0.jar:/home/cloudera/.m2/repository/javax/xml/bind/jaxb-api/2.2.2/jaxb-api-2.2.2.jar:/home/cloudera/.m2/repository/javax/xml/stream/stax-api/1.0-2/stax-api-1.0-2.jar:/home/cloudera/.m2/repository/javax/activation/activation/1.1/activation-1.1.jar:/home/cloudera/.m2/repository/javax/servlet/servlet-api/2.5/servlet-api-2.5.jar:/home/cloudera/.m2/repository/com/sun/jersey/jersey-core/1.9/jersey-core-1.9.jar:/home/cloudera/.m2/repository/org/apache/hadoop/hadoop-mapreduce-client-jobclient/2.3.0-cdh5.1.0/hadoop-mapreduce-client-jobclient-2.3.0-cdh5.1.0.jar:/home/cloudera/.m2/repository/org/apache/hadoop/hadoop-annotations/2.3.0-cdh5.1.0/hadoop-annotations-2.3.0-cdh5.1.0.jar:/home/cloudera/.m2/repository/net/java/dev/jets3t/jets3t/0.9.0/jets3t-0.9.0.jar:/home/cloudera/.m2/repository/com/jamesmurty/utils/java-xmlbuilder/0.4/java-xmlbuilder-0.4.jar:/home/cloudera/.m2/repository/org/apache/curator/curator-recipes/2.4.0/curator-recipes-2.4.0.jar:/home/cloudera/.m2/repository/org/apache/curator/curator-framework/2.4.0/curator-framework-2.4.0.jar:/home/cloudera/.m2/repository/org/apache/curator/curator-client/2.4.0/curator-client-2.4.0.jar:/home/cloudera/.m2/repository/org/apache/zookeeper/zookeeper/3.4.5/zookeeper-3.4.5.jar:/home/cloudera/.m2/repository/jline/jline/0.9.94/jline-0.9.94.jar:/home/cloudera/.m2/repository/org/eclipse/jetty/jetty-plus/8.1.14.v20131031/jetty-plus-8.1.14.v20131031.jar:/home/cloudera/.m2/repository/org/eclipse/jetty/orbit/javax.transaction/1.1.1.v201105210645/javax.transaction-1.1.1.v201105210645.jar:/home/cloudera/.m2/repository/org/eclipse/jetty/jetty-webapp/8.1.14.v20131031/jetty-webapp-8.1.14.v20131031.jar:/home/cloudera/.m2/repository/org/eclipse/jetty/jetty-xml/8.1.14.v20131031/jetty-xml-8.1.14.v20131031.jar:/home/cloudera/.m2/repository/org/eclipse/jetty/jetty-servlet/8.1.14.v20131031/jetty-servlet-8.1.14.v20131031.jar:/home/cloudera/.m2/repository/org/eclipse/jetty/jetty-jndi/8.1.14.v20131031/jetty-jndi-8.1.14.v20131031.jar:/home/cloudera/.m2/repository/org/eclipse/jetty/orbit/javax.mail.glassfish/1.4.1.v201005082020/javax.mail.glassfish-1.4.1.v201005082020.jar:/home/cloudera/.m2/repository/org/eclipse/jetty/orbit/javax.activation/1.1.0.v201105071233/javax.activation-1.1.0.v201105071233.jar:/home/cloudera/.m2/repository/org/eclipse/jetty/jetty-security/8.1.14.v20131031/jetty-security-8.1.14.v20131031.jar:/home/cloudera/.m2/repository/org/eclipse/jetty/jetty-util/8.1.14.v20131031/jetty-util-8.1.14.v20131031.jar:/home/cloudera/.m2/repository/org/eclipse/jetty/jetty-server/8.1.14.v20131031/jetty-server-8.1.14.v20131031.jar:/home/cloudera/.m2/repository/org/eclipse/jetty/orbit/javax.servlet/3.0.0.v201112011016/javax.servlet-3.0.0.v201112011016.jar:/home/cloudera/.m2/repository/org/eclipse/jetty/jetty-continuation/8.1.14.v20131031/jetty-continuation-8.1.14.v20131031.jar:/home/cloudera/.m2/repository/org/eclipse/jetty/jetty-http/8.1.14.v20131031/jetty-http-8.1.14.v20131031.jar:/home/cloudera/.m2/repository/org/eclipse/jetty/jetty-io/8.1.14.v20131031/jetty-io-8.1.14.v20131031.jar:/home/cloudera/.m2/repository/com/google/guava/guava/14.0.1/guava-14.0.1.jar:/home/cloudera/.m2/repository/org/apache/commons/commons-lang3/3.3.2/commons-lang3-3.3.2.jar:/home/cloudera/.m2/repository/com/google/code/findbugs/jsr305/1.3.9/jsr305-1.3.9.jar:/home/cloudera/.m2/repository/org/slf4j/slf4j-api/1.7.5/slf4j-api-1.7.5.jar:/home/cloudera/.m2/repository/org/slf4j/jul-to-slf4j/1.7.5/jul-to-slf4j-1.7.5.jar:/home/cloudera/.m2/repository/org/slf4j/jcl-over-slf4j/1.7.5/jcl-over-slf4j-1.7.5.jar:/home/cloudera/.m2/repository/log4j/log4j/1.2.17/log4j-1.2.17.jar:/home/cloudera/.m2/repository/org/slf4j/slf4j-log4j12/1.7.5/slf4j-log4j12-1.7.5.jar:/home/cloudera/.m2/repository/com/ning/compress-lzf/1.0.0/compress-lzf-1.0.0.jar:/home/cloudera/.m2/repository/org/xerial/snappy/snappy-java/1.0.5/snappy-java-1.0.5.jar:/home/cloudera/.m2/repository/com/twitter/chill_2.10/0.3.6/chill_2.10-0.3.6.jar:/home/cloudera/.m2/repository/com/esotericsoftware/kryo/kryo/2.21/kryo-2.21.jar:/home/cloudera/.m2/repository/com/esotericsoftware/reflectasm/reflectasm/1.07/reflectasm-1.07-shaded.jar:/home/cloudera/.m2/repository/com/esotericsoftware/minlog/minlog/1.2/minlog-1.2.jar:/home/cloudera/.m2/repository/org/objenesis/objenesis/1.2/objenesis-1.2.jar:/home/cloudera/.m2/repository/com/twitter/chill-java/0.3.6/chill-java-0.3.6.jar:/home/cloudera/.m2/repository/commons-net/commons-net/2.2/commons-net-2.2.jar:/home/cloudera/.m2/repository/org/spark-project/akka/akka-remote_2.10/2.2.3-shaded-protobuf/akka-remote_2.10-2.2.3-shaded-protobuf.jar:/home/cloudera/.m2/repository/org/spark-project/akka/akka-actor_2.10/2.2.3-shaded-protobuf/akka-actor_2.10-2.2.3-shaded-protobuf.jar:/home/cloudera/.m2/repository/com/typesafe/config/1.0.2/config-1.0.2.jar:/home/cloudera/.m2/repository/io/netty/netty/3.6.6.Final/netty-3.6.6.Final.jar:/home/cloudera/.m2/repository/org/spark-project/protobuf/protobuf-java/2.4.1-shaded/protobuf-java-2.4.1-shaded.jar:/home/cloudera/.m2/repository/org/uncommons/maths/uncommons-maths/1.2.2a/uncommons-maths-1.2.2a.jar:/home/cloudera/.m2/repository/org/spark-project/akka/akka-slf4j_2.10/2.2.3-shaded-protobuf/akka-slf4j_2.10-2.2.3-shaded-protobuf.jar:/home/cloudera/.m2/repository/org/scala-lang/scala-library/2.10.4/scala-library-2.10.4.jar:/home/cloudera/.m2/repository/org/json4s/json4s-jackson_2.10/3.2.6/json4s-jackson_2.10-3.2.6.jar:/home/cloudera/.m2/repository/org/json4s/json4s-core_2.10/3.2.6/json4s-core_2.10-3.2.6.jar:/home/cloudera/.m2/repository/org/json4s/json4s-ast_2.10/3.2.6/json4s-ast_2.10-3.2.6.jar:/home/cloudera/.m2/repository/com/thoughtworks/paranamer/paranamer/2.6/paranamer-2.6.jar:/home/cloudera/.m2/repository/org/scala-lang/scalap/2.10.0/scalap-2.10.0.jar:/home/cloudera/.m2/repository/org/scala-lang/scala-compiler/2.10.0/scala-compiler-2.10.0.jar:/home/cloudera/.m2/repository/org/scala-lang/scala-reflect/2.10.0/scala-reflect-2.10.0.jar:/home/cloudera/.m2/repository/colt/colt/1.2.0/colt-1.2.0.jar:/home/cloudera/.m2/repository/concurrent/concurrent/1.3.4/concurrent-1.3.4.jar:/home/cloudera/.m2/repository/org/apache/mesos/mesos/0.18.1/mesos-0.18.1-shaded-protobuf.jar:/home/cloudera/.m2/repository/io/netty/netty-all/4.0.17.Final/netty-all-4.0.17.Final.jar:/home/cloudera/.m2/repository/com/clearspring/analytics/stream/2.5.1/stream-2.5.1.jar:/home/cloudera/.m2/repository/com/codahale/metrics/metrics-core/3.0.0/metrics-core-3.0.0.jar:/home/cloudera/.m2/repository/com/codahale/metrics/metrics-jvm/3.0.0/metrics-jvm-3.0.0.jar:/home/cloudera/.m2/repository/com/codahale/metrics/metrics-json/3.0.0/metrics-json-3.0.0.jar:/home/cloudera/.m2/repository/com/codahale/metrics/metrics-graphite/3.0.0/metrics-graphite-3.0.0.jar:/home/cloudera/.m2/repository/org/tachyonproject/tachyon/0.4.1-thrift/tachyon-0.4.1-thrift.jar:/home/cloudera/.m2/repository/org/apache/ant/ant/1.9.0/ant-1.9.0.jar:/home/cloudera/.m2/repository/org/apache/ant/ant-launcher/1.9.0/ant-launcher-1.9.0.jar:/home/cloudera/.m2/repository/commons-io/commons-io/2.4/commons-io-2.4.jar:/home/cloudera/.m2/repository/org/spark-project/pyrolite/2.0.1/pyrolite-2.0.1.jar:/home/cloudera/.m2/repository/net/sf/py4j/py4j/0.8.1/py4j-0.8.1.jar:/home/cloudera/.m2/repository/org/apache/httpcomponents/httpclient/4.5.2/httpclient-4.5.2.jar:/home/cloudera/.m2/repository/org/apache/httpcomponents/httpcore/4.4.4/httpcore-4.4.4.jar:/home/cloudera/.m2/repository/commons-logging/commons-logging/1.2/commons-logging-1.2.jar:/home/cloudera/.m2/repository/commons-codec/commons-codec/1.9/commons-codec-1.9.jar:/home/cloudera/.m2/repository/com/fasterxml/jackson/core/jackson-databind/2.6.6/jackson-databind-2.6.6.jar:/home/cloudera/.m2/repository/com/fasterxml/jackson/core/jackson-annotations/2.6.0/jackson-annotations-2.6.0.jar:/home/cloudera/.m2/repository/com/fasterxml/jackson/core/jackson-core/2.6.6/jackson-core-2.6.6.jar:/home/cloudera/.m2/repository/com/amazonaws/aws-java-sdk/1.11.22/aws-java-sdk-1.11.22.jar:/home/cloudera/.m2/repository/com/amazonaws/aws-java-sdk-support/1.11.22/aws-java-sdk-support-1.11.22.jar:/home/cloudera/.m2/repository/com/amazonaws/aws-java-sdk-simpledb/1.11.22/aws-java-sdk-simpledb-1.11.22.jar:/home/cloudera/.m2/repository/com/amazonaws/aws-java-sdk-servicecatalog/1.11.22/aws-java-sdk-servicecatalog-1.11.22.jar:/home/cloudera/.m2/repository/com/amazonaws/aws-java-sdk-simpleworkflow/1.11.22/aws-java-sdk-simpleworkflow-1.11.22.jar:/home/cloudera/.m2/repository/com/amazonaws/aws-java-sdk-storagegateway/1.11.22/aws-java-sdk-storagegateway-1.11.22.jar:/home/cloudera/.m2/repository/com/amazonaws/aws-java-sdk-route53/1.11.22/aws-java-sdk-route53-1.11.22.jar:/home/cloudera/.m2/repository/com/amazonaws/aws-java-sdk-s3/1.11.22/aws-java-sdk-s3-1.11.22.jar:/home/cloudera/.m2/repository/com/amazonaws/aws-java-sdk-importexport/1.11.22/aws-java-sdk-importexport-1.11.22.jar:/home/cloudera/.m2/repository/com/amazonaws/aws-java-sdk-sts/1.11.22/aws-java-sdk-sts-1.11.22.jar:/home/cloudera/.m2/repository/com/amazonaws/aws-java-sdk-sqs/1.11.22/aws-java-sdk-sqs-1.11.22.jar:/home/cloudera/.m2/repository/com/amazonaws/aws-java-sdk-rds/1.11.22/aws-java-sdk-rds-1.11.22.jar:/home/cloudera/.m2/repository/com/amazonaws/aws-java-sdk-redshift/1.11.22/aws-java-sdk-redshift-1.11.22.jar:/home/cloudera/.m2/repository/com/amazonaws/aws-java-sdk-elasticbeanstalk/1.11.22/aws-java-sdk-elasticbeanstalk-1.11.22.jar:/home/cloudera/.m2/repository/com/amazonaws/aws-java-sdk-glacier/1.11.22/aws-java-sdk-glacier-1.11.22.jar:/home/cloudera/.m2/repository/com/amazonaws/aws-java-sdk-iam/1.11.22/aws-java-sdk-iam-1.11.22.jar:/home/cloudera/.m2/repository/com/amazonaws/aws-java-sdk-datapipeline/1.11.22/aws-java-sdk-datapipeline-1.11.22.jar:/home/cloudera/.m2/repository/com/amazonaws/aws-java-sdk-elasticloadbalancing/1.11.22/aws-java-sdk-elasticloadbalancing-1.11.22.jar:/home/cloudera/.m2/repository/com/amazonaws/aws-java-sdk-emr/1.11.22/aws-java-sdk-emr-1.11.22.jar:/home/cloudera/.m2/repository/com/amazonaws/aws-java-sdk-elasticache/1.11.22/aws-java-sdk-elasticache-1.11.22.jar:/home/cloudera/.m2/repository/com/amazonaws/aws-java-sdk-elastictranscoder/1.11.22/aws-java-sdk-elastictranscoder-1.11.22.jar:/home/cloudera/.m2/repository/com/amazonaws/aws-java-sdk-ec2/1.11.22/aws-java-sdk-ec2-1.11.22.jar:/home/cloudera/.m2/repository/com/amazonaws/aws-java-sdk-dynamodb/1.11.22/aws-java-sdk-dynamodb-1.11.22.jar:/home/cloudera/.m2/repository/com/amazonaws/aws-java-sdk-sns/1.11.22/aws-java-sdk-sns-1.11.22.jar:/home/cloudera/.m2/repository/com/amazonaws/aws-java-sdk-cloudtrail/1.11.22/aws-java-sdk-cloudtrail-1.11.22.jar:/home/cloudera/.m2/repository/com/amazonaws/aws-java-sdk-cloudwatch/1.11.22/aws-java-sdk-cloudwatch-1.11.22.jar:/home/cloudera/.m2/repository/com/amazonaws/aws-java-sdk-logs/1.11.22/aws-java-sdk-logs-1.11.22.jar:/home/cloudera/.m2/repository/com/amazonaws/aws-java-sdk-events/1.11.22/aws-java-sdk-events-1.11.22.jar:/home/cloudera/.m2/repository/com/amazonaws/aws-java-sdk-cognitoidentity/1.11.22/aws-java-sdk-cognitoidentity-1.11.22.jar:/home/cloudera/.m2/repository/com/amazonaws/aws-java-sdk-cognitosync/1.11.22/aws-java-sdk-cognitosync-1.11.22.jar:/home/cloudera/.m2/repository/com/amazonaws/aws-java-sdk-directconnect/1.11.22/aws-java-sdk-directconnect-1.11.22.jar:/home/cloudera/.m2/repository/com/amazonaws/aws-java-sdk-cloudformation/1.11.22/aws-java-sdk-cloudformation-1.11.22.jar:/home/cloudera/.m2/repository/com/amazonaws/aws-java-sdk-cloudfront/1.11.22/aws-java-sdk-cloudfront-1.11.22.jar:/home/cloudera/.m2/repository/com/amazonaws/aws-java-sdk-kinesis/1.11.22/aws-java-sdk-kinesis-1.11.22.jar:/home/cloudera/.m2/repository/com/amazonaws/aws-java-sdk-opsworks/1.11.22/aws-java-sdk-opsworks-1.11.22.jar:/home/cloudera/.m2/repository/com/amazonaws/aws-java-sdk-ses/1.11.22/aws-java-sdk-ses-1.11.22.jar:/home/cloudera/.m2/repository/com/amazonaws/aws-java-sdk-autoscaling/1.11.22/aws-java-sdk-autoscaling-1.11.22.jar:/home/cloudera/.m2/repository/com/amazonaws/aws-java-sdk-cloudsearch/1.11.22/aws-java-sdk-cloudsearch-1.11.22.jar:/home/cloudera/.m2/repository/com/amazonaws/aws-java-sdk-cloudwatchmetrics/1.11.22/aws-java-sdk-cloudwatchmetrics-1.11.22.jar:/home/cloudera/.m2/repository/com/amazonaws/aws-java-sdk-swf-libraries/1.11.22/aws-java-sdk-swf-libraries-1.11.22.jar:/home/cloudera/.m2/repository/com/amazonaws/aws-java-sdk-codedeploy/1.11.22/aws-java-sdk-codedeploy-1.11.22.jar:/home/cloudera/.m2/repository/com/amazonaws/aws-java-sdk-codepipeline/1.11.22/aws-java-sdk-codepipeline-1.11.22.jar:/home/cloudera/.m2/repository/com/amazonaws/aws-java-sdk-kms/1.11.22/aws-java-sdk-kms-1.11.22.jar:/home/cloudera/.m2/repository/com/amazonaws/aws-java-sdk-config/1.11.22/aws-java-sdk-config-1.11.22.jar:/home/cloudera/.m2/repository/com/amazonaws/aws-java-sdk-lambda/1.11.22/aws-java-sdk-lambda-1.11.22.jar:/home/cloudera/.m2/repository/com/amazonaws/aws-java-sdk-ecs/1.11.22/aws-java-sdk-ecs-1.11.22.jar:/home/cloudera/.m2/repository/com/amazonaws/aws-java-sdk-ecr/1.11.22/aws-java-sdk-ecr-1.11.22.jar:/home/cloudera/.m2/repository/com/amazonaws/aws-java-sdk-cloudhsm/1.11.22/aws-java-sdk-cloudhsm-1.11.22.jar:/home/cloudera/.m2/repository/com/amazonaws/aws-java-sdk-ssm/1.11.22/aws-java-sdk-ssm-1.11.22.jar:/home/cloudera/.m2/repository/com/amazonaws/aws-java-sdk-workspaces/1.11.22/aws-java-sdk-workspaces-1.11.22.jar:/home/cloudera/.m2/repository/com/amazonaws/aws-java-sdk-machinelearning/1.11.22/aws-java-sdk-machinelearning-1.11.22.jar:/home/cloudera/.m2/repository/com/amazonaws/aws-java-sdk-directory/1.11.22/aws-java-sdk-directory-1.11.22.jar:/home/cloudera/.m2/repository/com/amazonaws/aws-java-sdk-efs/1.11.22/aws-java-sdk-efs-1.11.22.jar:/home/cloudera/.m2/repository/com/amazonaws/aws-java-sdk-codecommit/1.11.22/aws-java-sdk-codecommit-1.11.22.jar:/home/cloudera/.m2/repository/com/amazonaws/aws-java-sdk-devicefarm/1.11.22/aws-java-sdk-devicefarm-1.11.22.jar:/home/cloudera/.m2/repository/com/amazonaws/aws-java-sdk-elasticsearch/1.11.22/aws-java-sdk-elasticsearch-1.11.22.jar:/home/cloudera/.m2/repository/com/amazonaws/aws-java-sdk-waf/1.11.22/aws-java-sdk-waf-1.11.22.jar:/home/cloudera/.m2/repository/com/amazonaws/aws-java-sdk-marketplacecommerceanalytics/1.11.22/aws-java-sdk-marketplacecommerceanalytics-1.11.22.jar:/home/cloudera/.m2/repository/com/amazonaws/aws-java-sdk-inspector/1.11.22/aws-java-sdk-inspector-1.11.22.jar:/home/cloudera/.m2/repository/com/amazonaws/aws-java-sdk-iot/1.11.22/aws-java-sdk-iot-1.11.22.jar:/home/cloudera/.m2/repository/com/amazonaws/aws-java-sdk-api-gateway/1.11.22/aws-java-sdk-api-gateway-1.11.22.jar:/home/cloudera/.m2/repository/com/amazonaws/aws-java-sdk-acm/1.11.22/aws-java-sdk-acm-1.11.22.jar:/home/cloudera/.m2/repository/com/amazonaws/aws-java-sdk-gamelift/1.11.22/aws-java-sdk-gamelift-1.11.22.jar:/home/cloudera/.m2/repository/com/amazonaws/aws-java-sdk-dms/1.11.22/aws-java-sdk-dms-1.11.22.jar:/home/cloudera/.m2/repository/com/amazonaws/aws-java-sdk-marketplacemeteringservice/1.11.22/aws-java-sdk-marketplacemeteringservice-1.11.22.jar:/home/cloudera/.m2/repository/com/amazonaws/aws-java-sdk-cognitoidp/1.11.22/aws-java-sdk-cognitoidp-1.11.22.jar:/home/cloudera/.m2/repository/com/amazonaws/aws-java-sdk-discovery/1.11.22/aws-java-sdk-discovery-1.11.22.jar:/home/cloudera/.m2/repository/com/amazonaws/aws-java-sdk-applicationautoscaling/1.11.22/aws-java-sdk-applicationautoscaling-1.11.22.jar:/home/cloudera/.m2/repository/com/amazonaws/aws-java-sdk-core/1.11.22/aws-java-sdk-core-1.11.22.jar:/home/cloudera/.m2/repository/com/fasterxml/jackson/dataformat/jackson-dataformat-cbor/2.6.6/jackson-dataformat-cbor-2.6.6.jar:/home/cloudera/.m2/repository/joda-time/joda-time/2.8.1/joda-time-2.8.1.jar:"/>
    <property name="java.vm.specification.version" value="1.7"/>
    <property name="sun.arch.data.model" value="64"/>
    <property name="java.home" value="/usr/java/jdk1.7.0_67-cloudera/jre"/>
    <property name="sun.java.command" value="/home/cloudera/Projects/TestJavaSpark/target/surefire/surefirebooter7900328573658897925.jar /home/cloudera/Projects/TestJavaSpark/target/surefire/surefire3537791114164367965tmp /home/cloudera/Projects/TestJavaSpark/target/surefire/surefire59933994802033459tmp"/>
    <property name="java.specification.vendor" value="Oracle Corporation"/>
    <property name="user.language" value="en"/>
    <property name="awt.toolkit" value="sun.awt.X11.XToolkit"/>
    <property name="java.vm.info" value="mixed mode"/>
    <property name="java.version" value="1.7.0_67"/>
    <property name="java.ext.dirs" value="/usr/java/jdk1.7.0_67-cloudera/jre/lib/ext:/usr/java/packages/lib/ext"/>
    <property name="sun.boot.class.path" value="/usr/java/jdk1.7.0_67-cloudera/jre/lib/resources.jar:/usr/java/jdk1.7.0_67-cloudera/jre/lib/rt.jar:/usr/java/jdk1.7.0_67-cloudera/jre/lib/sunrsasign.jar:/usr/java/jdk1.7.0_67-cloudera/jre/lib/jsse.jar:/usr/java/jdk1.7.0_67-cloudera/jre/lib/jce.jar:/usr/java/jdk1.7.0_67-cloudera/jre/lib/charsets.jar:/usr/java/jdk1.7.0_67-cloudera/jre/lib/jfr.jar:/usr/java/jdk1.7.0_67-cloudera/jre/classes"/>
    <property name="java.vendor" value="Oracle Corporation"/>
    <property name="localRepository" value="/home/cloudera/.m2/repository"/>
    <property name="file.separator" value="/"/>
    <property name="java.vendor.url.bug" value="http://bugreport.sun.com/bugreport/"/>
    <property name="sun.cpu.endian" value="little"/>
    <property name="sun.io.unicode.encoding" value="UnicodeLittle"/>
    <property name="sun.desktop" value="gnome"/>
    <property name="sun.cpu.isalist" value=""/>
  </properties>
  <testcase time="0.001" classname="com.cloudera.sparkwordcount.AppTest" name="testApp"/>
</testsuite>